<?xml version="1.0" encoding="UTF-8"?>
<testsuite xmlns:xsi="http://www.w3.org/2001/XMLSchema-instance" xsi:noNamespaceSchemaLocation="https://maven.apache.org/surefire/maven-surefire-plugin/xsd/surefire-test-report.xsd" name="com.exemplo.tdd.service.BonusServiceTest" time="0.035" tests="3" errors="0" skipped="0" failures="0">
  <properties>
    <property name="java.specification.version" value="17"/>
    <property name="sun.cpu.isalist" value="amd64"/>
    <property name="sun.jnu.encoding" value="Cp1252"/>
    <property name="java.class.path" value="C:\Users\guilh\Documents\devs\personal\listaExercicios\tdd\target\test-classes;C:\Users\guilh\Documents\devs\personal\listaExercicios\tdd\target\classes;C:\Users\guilh\.m2\repository\org\junit\jupiter\junit-jupiter-api\5.2.0\junit-jupiter-api-5.2.0.jar;C:\Users\guilh\.m2\repository\org\apiguardian\apiguardian-api\1.0.0\apiguardian-api-1.0.0.jar;C:\Users\guilh\.m2\repository\org\opentest4j\opentest4j\1.1.0\opentest4j-1.1.0.jar;C:\Users\guilh\.m2\repository\org\junit\platform\junit-platform-commons\1.2.0\junit-platform-commons-1.2.0.jar;C:\Users\guilh\.m2\repository\org\easytesting\fest-assert-core\2.0M10\fest-assert-core-2.0M10.jar;C:\Users\guilh\.m2\repository\org\easytesting\fest-util\1.2.5\fest-util-1.2.5.jar;C:\Users\guilh\.m2\repository\org\junit\platform\junit-platform-surefire-provider\1.2.0-M1\junit-platform-surefire-provider-1.2.0-M1.jar;C:\Users\guilh\.m2\repository\org\junit\platform\junit-platform-launcher\1.2.0-M1\junit-platform-launcher-1.2.0-M1.jar;C:\Users\guilh\.m2\repository\org\apache\maven\surefire\surefire-api\2.21.0\surefire-api-2.21.0.jar;C:\Users\guilh\.m2\repository\org\apache\maven\surefire\surefire-logger-api\2.21.0\surefire-logger-api-2.21.0.jar;C:\Users\guilh\.m2\repository\org\apache\maven\surefire\common-java5\2.21.0\common-java5-2.21.0.jar;C:\Users\guilh\.m2\repository\org\junit\jupiter\junit-jupiter-engine\5.2.0-M1\junit-jupiter-engine-5.2.0-M1.jar;C:\Users\guilh\.m2\repository\org\junit\platform\junit-platform-engine\1.2.0-M1\junit-platform-engine-1.2.0-M1.jar;"/>
    <property name="java.vm.vendor" value="Eclipse Adoptium"/>
    <property name="sun.arch.data.model" value="64"/>
    <property name="user.variant" value=""/>
    <property name="java.vendor.url" value="https://adoptium.net/"/>
    <property name="os.name" value="Windows 11"/>
    <property name="java.vm.specification.version" value="17"/>
    <property name="sun.java.launcher" value="SUN_STANDARD"/>
    <property name="user.country" value="BR"/>
    <property name="sun.boot.library.path" value="C:\Users\guilh\Downloads\sts-4.14.1.RELEASE\plugins\org.eclipse.justj.openjdk.hotspot.jre.full.win32.x86_64_17.0.2.v20220201-1208\jre\bin"/>
    <property name="sun.java.command" value="C:\Users\guilh\AppData\Local\Temp\surefire115048106561856081\surefirebooter9792490142510300825.jar C:\Users\guilh\AppData\Local\Temp\surefire115048106561856081 2022-05-18T10-01-15_634-jvmRun1 surefire526082415354822238tmp surefire_07151331502506207420tmp"/>
    <property name="jdk.debug" value="release"/>
    <property name="surefire.test.class.path" value="C:\Users\guilh\Documents\devs\personal\listaExercicios\tdd\target\test-classes;C:\Users\guilh\Documents\devs\personal\listaExercicios\tdd\target\classes;C:\Users\guilh\.m2\repository\org\junit\jupiter\junit-jupiter-api\5.2.0\junit-jupiter-api-5.2.0.jar;C:\Users\guilh\.m2\repository\org\apiguardian\apiguardian-api\1.0.0\apiguardian-api-1.0.0.jar;C:\Users\guilh\.m2\repository\org\opentest4j\opentest4j\1.1.0\opentest4j-1.1.0.jar;C:\Users\guilh\.m2\repository\org\junit\platform\junit-platform-commons\1.2.0\junit-platform-commons-1.2.0.jar;C:\Users\guilh\.m2\repository\org\easytesting\fest-assert-core\2.0M10\fest-assert-core-2.0M10.jar;C:\Users\guilh\.m2\repository\org\easytesting\fest-util\1.2.5\fest-util-1.2.5.jar;C:\Users\guilh\.m2\repository\org\junit\platform\junit-platform-surefire-provider\1.2.0-M1\junit-platform-surefire-provider-1.2.0-M1.jar;C:\Users\guilh\.m2\repository\org\junit\platform\junit-platform-launcher\1.2.0-M1\junit-platform-launcher-1.2.0-M1.jar;C:\Users\guilh\.m2\repository\org\apache\maven\surefire\surefire-api\2.21.0\surefire-api-2.21.0.jar;C:\Users\guilh\.m2\repository\org\apache\maven\surefire\surefire-logger-api\2.21.0\surefire-logger-api-2.21.0.jar;C:\Users\guilh\.m2\repository\org\apache\maven\surefire\common-java5\2.21.0\common-java5-2.21.0.jar;C:\Users\guilh\.m2\repository\org\junit\jupiter\junit-jupiter-engine\5.2.0-M1\junit-jupiter-engine-5.2.0-M1.jar;C:\Users\guilh\.m2\repository\org\junit\platform\junit-platform-engine\1.2.0-M1\junit-platform-engine-1.2.0-M1.jar;"/>
    <property name="sun.cpu.endian" value="little"/>
    <property name="user.home" value="C:\Users\guilh"/>
    <property name="user.language" value="pt"/>
    <property name="java.specification.vendor" value="Oracle Corporation"/>
    <property name="java.version.date" value="2022-01-18"/>
    <property name="java.home" value="C:\Users\guilh\Downloads\sts-4.14.1.RELEASE\plugins\org.eclipse.justj.openjdk.hotspot.jre.full.win32.x86_64_17.0.2.v20220201-1208\jre"/>
    <property name="file.separator" value="\"/>
    <property name="style.color" value="always"/>
    <property name="basedir" value="C:\Users\guilh\Documents\devs\personal\listaExercicios\tdd"/>
    <property name="java.vm.compressedOopsMode" value="Zero based"/>
    <property name="line.separator" value="&#10;"/>
    <property name="java.vm.specification.vendor" value="Oracle Corporation"/>
    <property name="java.specification.name" value="Java Platform API Specification"/>
    <property name="surefire.real.class.path" value="C:\Users\guilh\AppData\Local\Temp\surefire115048106561856081\surefirebooter9792490142510300825.jar"/>
    <property name="user.script" value=""/>
    <property name="sun.management.compiler" value="HotSpot 64-Bit Tiered Compilers"/>
    <property name="java.runtime.version" value="17.0.2+8"/>
    <property name="user.name" value="guilh"/>
    <property name="path.separator" value=";"/>
    <property name="os.version" value="10.0"/>
    <property name="java.runtime.name" value="OpenJDK Runtime Environment"/>
    <property name="file.encoding" value="Cp1252"/>
    <property name="java.vm.name" value="OpenJDK 64-Bit Server VM"/>
    <property name="java.vendor.version" value="Temurin-17.0.2+8"/>
    <property name="localRepository" value="C:\Users\guilh\.m2\repository"/>
    <property name="java.vendor.url.bug" value="https://github.com/adoptium/adoptium-support/issues"/>
    <property name="java.io.tmpdir" value="C:\Users\guilh\AppData\Local\Temp\"/>
    <property name="java.version" value="17.0.2"/>
    <property name="user.dir" value="C:\Users\guilh\Documents\devs\personal\listaExercicios\tdd"/>
    <property name="os.arch" value="amd64"/>
    <property name="java.vm.specification.name" value="Java Virtual Machine Specification"/>
    <property name="sun.os.patch.level" value=""/>
    <property name="native.encoding" value="Cp1252"/>
    <property name="java.library.path" value="C:\Users\guilh\Downloads\sts-4.14.1.RELEASE\plugins\org.eclipse.justj.openjdk.hotspot.jre.full.win32.x86_64_17.0.2.v20220201-1208\jre\bin;C:\Windows\Sun\Java\bin;C:\Windows\system32;C:\Windows;C:/Users/guilh/Downloads/sts-4.14.1.RELEASE//plugins/org.eclipse.justj.openjdk.hotspot.jre.full.win32.x86_64_17.0.2.v20220201-1208/jre/bin/server;C:/Users/guilh/Downloads/sts-4.14.1.RELEASE//plugins/org.eclipse.justj.openjdk.hotspot.jre.full.win32.x86_64_17.0.2.v20220201-1208/jre/bin;C:\Program Files\Microsoft\jdk-17.0.2.8-hotspot\bin;C:\Windows\system32;C:\Windows;C:\Windows\System32\Wbem;C:\Windows\System32\WindowsPowerShell\v1.0\;C:\Windows\System32\OpenSSH\;C:\maven\bin;C:\Program Files\Git\cmd;C:\Program Files\nodejs\;C:\Program Files\PuTTY\;C:\Program Files\Docker\Docker\resources\bin;C:\ProgramData\DockerDesktop\version-bin;C:\ProgramData\chocolatey\bin;C:\Ruby31-x64\bin;C:\Users\guilh\AppData\Local\Microsoft\WindowsApps;;C:\Users\guilh\AppData\Local\Programs\Microsoft VS Code\bin;C:\Users\guilh\AppData\Roaming\npm;C:\Program Files\heroku\bin;C:\Users\guilh\Downloads\sts-4.14.1.RELEASE;;."/>
    <property name="java.vm.info" value="mixed mode"/>
    <property name="java.vendor" value="Eclipse Adoptium"/>
    <property name="java.vm.version" value="17.0.2+8"/>
    <property name="sun.io.unicode.encoding" value="UnicodeLittle"/>
    <property name="java.class.version" value="61.0"/>
  </properties>
  <testcase name="bonusDeveriaSer10PorCentoDoSalario" classname="com.exemplo.tdd.service.BonusServiceTest" time="0.027"/>
  <testcase name="bonusDeveriaSerZeroParaFuncionarioComSalarioMuitoAlto" classname="com.exemplo.tdd.service.BonusServiceTest" time="0"/>
  <testcase name="bonusDeveriaSerDezPorCentoParaSalarioDeExatamente10000" classname="com.exemplo.tdd.service.BonusServiceTest" time="0"/>
</testsuite>